{"/Users/anna/Documents/websites/mandarin-playbook/src/lib/filtering.js": {"path":"/Users/anna/Documents/websites/mandarin-playbook/src/lib/filtering.js","statementMap":{"0":{"start":{"line":17,"column":17},"end":{"line":17,"column":32}},"1":{"start":{"line":20,"column":2},"end":{"line":22,"column":null}},"2":{"start":{"line":21,"column":4},"end":{"line":21,"column":null}},"3":{"start":{"line":21,"column":43},"end":{"line":21,"column":81}},"4":{"start":{"line":25,"column":2},"end":{"line":27,"column":null}},"5":{"start":{"line":26,"column":4},"end":{"line":26,"column":null}},"6":{"start":{"line":26,"column":43},"end":{"line":26,"column":85}},"7":{"start":{"line":30,"column":2},"end":{"line":35,"column":null}},"8":{"start":{"line":31,"column":4},"end":{"line":34,"column":null}},"9":{"start":{"line":32,"column":27},"end":{"line":32,"column":46}},"10":{"start":{"line":33,"column":6},"end":{"line":33,"column":null}},"11":{"start":{"line":33,"column":48},"end":{"line":33,"column":79}},"12":{"start":{"line":38,"column":2},"end":{"line":40,"column":null}},"13":{"start":{"line":39,"column":4},"end":{"line":39,"column":null}},"14":{"start":{"line":39,"column":43},"end":{"line":39,"column":73}},"15":{"start":{"line":42,"column":2},"end":{"line":42,"column":null}},"16":{"start":{"line":53,"column":2},"end":{"line":55,"column":null}},"17":{"start":{"line":54,"column":4},"end":{"line":54,"column":null}},"18":{"start":{"line":57,"column":26},"end":{"line":57,"column":52}},"19":{"start":{"line":59,"column":2},"end":{"line":64,"column":null}},"20":{"start":{"line":60,"column":23},"end":{"line":60,"column":85}},"21":{"start":{"line":61,"column":29},"end":{"line":61,"column":97}},"22":{"start":{"line":63,"column":4},"end":{"line":63,"column":null}},"23":{"start":{"line":77,"column":15},"end":{"line":77,"column":52}},"24":{"start":{"line":80,"column":2},"end":{"line":80,"column":null}},"25":{"start":{"line":82,"column":2},"end":{"line":82,"column":null}}},"fnMap":{"0":{"name":"filterActivities","decl":{"start":{"line":16,"column":16},"end":{"line":16,"column":32}},"loc":{"start":{"line":16,"column":59},"end":{"line":43,"column":null}},"line":16},"1":{"name":"(anonymous_1)","decl":{"start":{"line":21,"column":31},"end":{"line":21,"column":39}},"loc":{"start":{"line":21,"column":43},"end":{"line":21,"column":81}},"line":21},"2":{"name":"(anonymous_2)","decl":{"start":{"line":26,"column":31},"end":{"line":26,"column":39}},"loc":{"start":{"line":26,"column":43},"end":{"line":26,"column":85}},"line":26},"3":{"name":"(anonymous_3)","decl":{"start":{"line":31,"column":31},"end":{"line":31,"column":39}},"loc":{"start":{"line":31,"column":43},"end":{"line":34,"column":5}},"line":31},"4":{"name":"(anonymous_4)","decl":{"start":{"line":33,"column":36},"end":{"line":33,"column":44}},"loc":{"start":{"line":33,"column":48},"end":{"line":33,"column":79}},"line":33},"5":{"name":"(anonymous_5)","decl":{"start":{"line":39,"column":31},"end":{"line":39,"column":39}},"loc":{"start":{"line":39,"column":43},"end":{"line":39,"column":73}},"line":39},"6":{"name":"searchActivities","decl":{"start":{"line":51,"column":16},"end":{"line":51,"column":32}},"loc":{"start":{"line":51,"column":57},"end":{"line":65,"column":null}},"line":51},"7":{"name":"(anonymous_7)","decl":{"start":{"line":59,"column":27},"end":{"line":59,"column":35}},"loc":{"start":{"line":59,"column":39},"end":{"line":64,"column":3}},"line":59},"8":{"name":"combineFilters","decl":{"start":{"line":75,"column":16},"end":{"line":75,"column":30}},"loc":{"start":{"line":75,"column":75},"end":{"line":83,"column":null}},"line":75}},"branchMap":{"0":{"loc":{"start":{"line":16,"column":45},"end":{"line":16,"column":57}},"type":"default-arg","locations":[{"start":{"line":16,"column":55},"end":{"line":16,"column":57}}],"line":16},"1":{"loc":{"start":{"line":20,"column":2},"end":{"line":22,"column":null}},"type":"if","locations":[{"start":{"line":20,"column":2},"end":{"line":22,"column":null}},{"start":{},"end":{}}],"line":20},"2":{"loc":{"start":{"line":25,"column":2},"end":{"line":27,"column":null}},"type":"if","locations":[{"start":{"line":25,"column":2},"end":{"line":27,"column":null}},{"start":{},"end":{}}],"line":25},"3":{"loc":{"start":{"line":30,"column":2},"end":{"line":35,"column":null}},"type":"if","locations":[{"start":{"line":30,"column":2},"end":{"line":35,"column":null}},{"start":{},"end":{}}],"line":30},"4":{"loc":{"start":{"line":30,"column":6},"end":{"line":30,"column":55}},"type":"binary-expr","locations":[{"start":{"line":30,"column":6},"end":{"line":30,"column":23}},{"start":{"line":30,"column":27},"end":{"line":30,"column":55}}],"line":30},"5":{"loc":{"start":{"line":32,"column":27},"end":{"line":32,"column":46}},"type":"binary-expr","locations":[{"start":{"line":32,"column":27},"end":{"line":32,"column":40}},{"start":{"line":32,"column":44},"end":{"line":32,"column":46}}],"line":32},"6":{"loc":{"start":{"line":38,"column":2},"end":{"line":40,"column":null}},"type":"if","locations":[{"start":{"line":38,"column":2},"end":{"line":40,"column":null}},{"start":{},"end":{}}],"line":38},"7":{"loc":{"start":{"line":51,"column":45},"end":{"line":51,"column":55}},"type":"default-arg","locations":[{"start":{"line":51,"column":53},"end":{"line":51,"column":55}}],"line":51},"8":{"loc":{"start":{"line":53,"column":2},"end":{"line":55,"column":null}},"type":"if","locations":[{"start":{"line":53,"column":2},"end":{"line":55,"column":null}},{"start":{},"end":{}}],"line":53},"9":{"loc":{"start":{"line":53,"column":6},"end":{"line":53,"column":35}},"type":"binary-expr","locations":[{"start":{"line":53,"column":6},"end":{"line":53,"column":12}},{"start":{"line":53,"column":16},"end":{"line":53,"column":35}}],"line":53},"10":{"loc":{"start":{"line":60,"column":24},"end":{"line":60,"column":44}},"type":"binary-expr","locations":[{"start":{"line":60,"column":24},"end":{"line":60,"column":38}},{"start":{"line":60,"column":42},"end":{"line":60,"column":44}}],"line":60},"11":{"loc":{"start":{"line":61,"column":30},"end":{"line":61,"column":56}},"type":"binary-expr","locations":[{"start":{"line":61,"column":30},"end":{"line":61,"column":50}},{"start":{"line":61,"column":54},"end":{"line":61,"column":56}}],"line":61},"12":{"loc":{"start":{"line":63,"column":11},"end":{"line":63,"column":41}},"type":"binary-expr","locations":[{"start":{"line":63,"column":11},"end":{"line":63,"column":21}},{"start":{"line":63,"column":25},"end":{"line":63,"column":41}}],"line":63},"13":{"loc":{"start":{"line":75,"column":43},"end":{"line":75,"column":55}},"type":"default-arg","locations":[{"start":{"line":75,"column":53},"end":{"line":75,"column":55}}],"line":75},"14":{"loc":{"start":{"line":75,"column":57},"end":{"line":75,"column":73}},"type":"default-arg","locations":[{"start":{"line":75,"column":71},"end":{"line":75,"column":73}}],"line":75}},"s":{"0":42,"1":42,"2":20,"3":106,"4":42,"5":14,"6":47,"7":42,"8":10,"9":37,"10":37,"11":46,"12":42,"13":7,"14":22,"15":42,"16":45,"17":8,"18":37,"19":37,"20":113,"21":113,"22":113,"23":21,"24":21,"25":21},"f":{"0":42,"1":106,"2":47,"3":37,"4":46,"5":22,"6":45,"7":113,"8":21},"b":{"0":[42],"1":[20,22],"2":[14,28],"3":[10,32],"4":[42,11],"5":[37,2],"6":[7,35],"7":[45],"8":[8,37],"9":[45,39],"10":[113,2],"11":[113,2],"12":[113,83],"13":[21],"14":[21]},"meta":{"lastBranch":15,"lastFunction":9,"lastStatement":26,"seen":{"f:16:16:16:32":0,"b:16:55:16:57":0,"s:17:17:17:32":0,"b:20:2:22:Infinity:undefined:undefined:undefined:undefined":1,"s:20:2:22:Infinity":1,"s:21:4:21:Infinity":2,"f:21:31:21:39":1,"s:21:43:21:81":3,"b:25:2:27:Infinity:undefined:undefined:undefined:undefined":2,"s:25:2:27:Infinity":4,"s:26:4:26:Infinity":5,"f:26:31:26:39":2,"s:26:43:26:85":6,"b:30:2:35:Infinity:undefined:undefined:undefined:undefined":3,"s:30:2:35:Infinity":7,"b:30:6:30:23:30:27:30:55":4,"s:31:4:34:Infinity":8,"f:31:31:31:39":3,"s:32:27:32:46":9,"b:32:27:32:40:32:44:32:46":5,"s:33:6:33:Infinity":10,"f:33:36:33:44":4,"s:33:48:33:79":11,"b:38:2:40:Infinity:undefined:undefined:undefined:undefined":6,"s:38:2:40:Infinity":12,"s:39:4:39:Infinity":13,"f:39:31:39:39":5,"s:39:43:39:73":14,"s:42:2:42:Infinity":15,"f:51:16:51:32":6,"b:51:53:51:55":7,"b:53:2:55:Infinity:undefined:undefined:undefined:undefined":8,"s:53:2:55:Infinity":16,"b:53:6:53:12:53:16:53:35":9,"s:54:4:54:Infinity":17,"s:57:26:57:52":18,"s:59:2:64:Infinity":19,"f:59:27:59:35":7,"s:60:23:60:85":20,"b:60:24:60:38:60:42:60:44":10,"s:61:29:61:97":21,"b:61:30:61:50:61:54:61:56":11,"s:63:4:63:Infinity":22,"b:63:11:63:21:63:25:63:41":12,"f:75:16:75:30":8,"b:75:53:75:55":13,"b:75:71:75:73":14,"s:77:15:77:52":23,"s:80:2:80:Infinity":24,"s:82:2:82:Infinity":25}}}
}
